<?xml version="1.0" encoding="UTF-8"?>
<testng-results ignored="0" total="1" passed="1" failed="0" skipped="0">
  <reporter-output>
  </reporter-output>
  <suite started-at="2018-04-12T16:25:00Z" name="Suite" finished-at="2018-04-12T16:25:37Z" duration-ms="37126">
    <groups>
    </groups>
    <test started-at="2018-04-12T16:25:00Z" name="Test" finished-at="2018-04-12T16:25:37Z" duration-ms="37126">
      <class name="com.TestCases.TC_02_Create_New_Client">
        <test-method signature="Create_New_Client()[pri:0, instance:com.TestCases.TC_02_Create_New_Client@1fb700ee]" started-at="2018-04-12T21:55:00Z" name="Create_New_Client" finished-at="2018-04-12T21:55:36Z" duration-ms="35785" status="PASS">
          <reporter-output>
          </reporter-output>
        </test-method> <!-- Create_New_Client -->
      </class> <!-- com.TestCases.TC_02_Create_New_Client -->
    </test> <!-- Test -->
  </suite> <!-- Suite -->
</testng-results>
